Name: CCTV-1_综合, URL: http://[2409:8087:1a01:df::4077]:80/ottrrs.hl.chinamobile.com/yinhe/88888888/224/3221226016/index.m3u8$IPv6, Date: None, Resolution: None, Response Time: 2624 ms
Name: CCTV-1_综合, URL: http://[2409:8087:1a01:df::4077]:80/ottrrs.hl.chinamobile.com/PLTV/88888888/8/3221226016/index.m3u8$IPv6, Date: None, Resolution: None, Response Time: 2650 ms
Name: CCTV-1_综合, URL: http://[2409:8087:1a01:df::4077]:80/ottrrs.hl.chinamobile.com/PLTV/88888888/224/3221226016/1.m3u8$IPv6, Date: None, Resolution: None, Response Time: 2691 ms
Name: CCTV-1_综合, URL: http://[2409:8087:1:20:20::2c]/otttv.bj.chinamobile.com/PLTV/88888888/224/3221226895/1.m3u8?GuardEncType=2&accountinfo=%257E%257EV2.0%257EI0Rkc6neBYgfpoJ1yud8Fw%257E_eNUbgU9sJGUcVVduOMKhafLvQUgE_zlz_7pvDimJNPpqgHe3PQ5GNQoO-yUgA8C%252CEND$IPv6, Date: None, Resolution: None, Response Time: 2696 ms
Name: CCTV-1_综合, URL: http://[2409:8087:1a01:df::4077]:80/ottrrs.hl.chinamobile.com/PLTV/88888888/224/3221226016/index.m3u8$IPv6, Date: None, Resolution: None, Response Time: 3012 ms
Name: CCTV-1_综合, URL: http://[2409:8087:3869:8021:1001::e5]:6610/PLTV/88888888/224/3221225642/2/index.m3u8$IPv6, Date: None, Resolution: None, Response Time: 5266 ms
Name: CCTV-2_财经, URL: http://[2409:8087:1a01:df::4077]:80/ottrrs.hl.chinamobile.com/yinhe/88888888/8/3221225588/index.m3u8$IPv6, Date: None, Resolution: None, Response Time: 2486 ms
Name: CCTV-2_财经, URL: http://[2409:8087:1a01:df::4077]:80/ottrrs.hl.chinamobile.com/PLTV/88888888/8/3221225588/index.m3u8$IPv6, Date: None, Resolution: None, Response Time: 2714 ms
Name: CCTV-2_财经, URL: http://[2409:8087:3869:8021:1001::e5]:6610/PLTV/88888888/224/3221225643/2/index.m3u8$IPv6, Date: None, Resolution: None, Response Time: 7530 ms
Name: CCTV-2_财经, URL: http://[2409:8087:1a01:df::406f]:80/wh7f454c46tw1241164675_1575082505/ottrrs.hl.chinamobile.com/PLTV/88888888/224/3221226540/index.m3u8?icpid=88888888&RTS=1713968070&from=4&hms_devid=692&prioritypopid=4&online=1713968070&vqe=3$IPv6, Date: None, Resolution: None, Response Time: 7812 ms
Name: CCTV-4_中文国际, URL: http://[2409:8087:1:20:20::29]/otttv.bj.chinamobile.com/PLTV/88888888/224/3221226470/1.m3u8?GuardEncType=2&accountinfo=%257E%257EV2.0%257E0wP1dRMt9qCzHdvA65wh1w%257E_eNUbgU9sJGUcVVduOMKhafLvQUgE_zlz_7pvDimJNMcuN2HH7RLPyPHWOUWhSMk%252CEND$IPv6, Date: None, Resolution: None, Response Time: 766 ms
Name: CCTV-4_中文国际, URL: http://[2409:8087:1a01:df::4077]:80/ottrrs.hl.chinamobile.com/yinhe/88888888/8/3221226007/index.m3u8$IPv6, Date: None, Resolution: None, Response Time: 2599 ms
Name: CCTV-4_中文国际, URL: http://[2409:8087:1a01:df::4077]:80/ottrrs.hl.chinamobile.com/PLTV/88888888/8/3221226007/index.m3u8$IPv6, Date: None, Resolution: None, Response Time: 2730 ms
Name: CCTV-3_综艺, URL: http://[2409:8087:1:20:20::29]/otttv.bj.chinamobile.com/PLTV/88888888/224/3221226456/1.m3u8?GuardEncType=2&accountinfo=%257E%257EV2.0%257E_6GNVcVOz9Xub8CclyMRUg%257E_eNUbgU9sJGUcVVduOMKhafLvQUgE_zlz_7pvDimJNOIR_8g_qYRqpV5wTQqRILi%252CEND$IPv6, Date: None, Resolution: None, Response Time: 3193 ms
Name: CCTV-3_综艺, URL: http://[2409:8087:1a01:df::4077]:80/ottrrs.hl.chinamobile.com/PLTV/88888888/224/3221226021/index.m3u8$IPv6, Date: None, Resolution: None, Response Time: 4660 ms
Name: CCTV-3_综艺, URL: http://[2409:8087:1a01:df::4077]:80/ottrrs.hl.chinamobile.com/yinhe/88888888/224/3221226021/index.m3u8$IPv6, Date: None, Resolution: None, Response Time: 4666 ms
Name: CCTV-3_综艺, URL: http://[2409:8087:1a01:df::4077]:80/ottrrs.hl.chinamobile.com/PLTV/88888888/8/3221226021/index.m3u8$IPv6, Date: None, Resolution: None, Response Time: 4854 ms
Name: CCTV-3_综艺, URL: http://[2409:8087:1a01:df::4041]:80/TVOD/88888888/224/3221225799/main.m3u8$IPv6, Date: None, Resolution: None, Response Time: 9094 ms
Name: CCTV-5_体育, URL: http://[2409:8087:1:20:20::2c]/otttv.bj.chinamobile.com/PLTV/88888888/224/3221226454/1.m3u8?GuardEncType=2&accountinfo=%257E%257EV2.0%257ErKwB8Qqtvssoy-K7GEgesQ%257E_eNUbgU9sJGUcVVduOMKhafLvQUgE_zlz_7pvDimJNOIR_8g_qYRqpV5wTQqRILi%252CEND$IPv6, Date: None, Resolution: None, Response Time: 735 ms
Name: CCTV-5_体育, URL: http://[2409:8087:1a01:df::4077]:80/ottrrs.hl.chinamobile.com/yinhe/88888888/224/3221226019/index.m3u8$IPv6, Date: None, Resolution: None, Response Time: 2459 ms
Name: CCTV-5_体育, URL: http://[2409:8087:1a01:df::4077]:80/ottrrs.hl.chinamobile.com/TVOD/88888888/224/3221226019/index.m3u8$IPv6, Date: None, Resolution: None, Response Time: 2547 ms
Name: CCTV-5_体育, URL: http://[2409:8087:1a01:df::4077]:80/ottrrs.hl.chinamobile.com/PLTV/88888888/8/3221226019/index.m3u8$IPv6, Date: None, Resolution: None, Response Time: 2589 ms
Name: CCTV-5_体育, URL: http://[2409:8087:1a01:df::4077]:80/ottrrs.hl.chinamobile.com/PLTV/88888888/224/3221226019/index.m3u8$IPv6, Date: None, Resolution: None, Response Time: 2636 ms
Name: CCTV-5_体育, URL: http://[2409:8087:3869:8021:1001::e5]:6610/PLTV/88888910/224/3221225633/index.m3u8$IPv6, Date: None, Resolution: None, Response Time: 5240 ms
Name: CCTV-5+_体育赛事, URL: http://[2409:8087:1:20:20::2c]/otttv.bj.chinamobile.com/PLTV/88888888/224/3221226458/1.m3u8?GuardEncType=2&accountinfo=%257E%257EV2.0%257Em70vyfVI_MkrcLYjHWnqOA%257E_eNUbgU9sJGUcVVduOMKhafLvQUgE_zlz_7pvDimJNNlS0O1LA8iGydXPYujpRue%252CEND$IPv6, Date: None, Resolution: None, Response Time: 698 ms
Name: CCTV-5+_体育赛事, URL: http://[2409:8087:1a01:df::4077]:80/ottrrs.hl.chinamobile.com/PLTV/88888888/224/3221225603/index.m3u8$IPv6, Date: None, Resolution: None, Response Time: 2582 ms
Name: CCTV-5+_体育赛事, URL: http://[2409:8087:1a01:df::4077]:80/ottrrs.hl.chinamobile.com/PLTV/88888888/8/3221225603/index.m3u8$IPv6, Date: None, Resolution: None, Response Time: 2654 ms
Name: CCTV-5+_体育赛事, URL: http://[2409:8087:1a01:df::4077]:80/ottrrs.hl.chinamobile.com/yinhe/88888888/224/3221225603/index.m3u8$IPv6, Date: None, Resolution: None, Response Time: 4225 ms
Name: CCTV-5+_体育赛事, URL: http://[2409:8087:3869:8021:1001::e5]:6610/PLTV/88888888/224/3221225649/2/index.m3u8$IPv6, Date: None, Resolution: None, Response Time: 5211 ms
Name: CCTV-6_电影, URL: http://[2409:8087:1:20:20::29]/otttv.bj.chinamobile.com/PLTV/88888888/224/3221226453/1.m3u8?GuardEncType=2&accountinfo=%257E%257EV2.0%257Ex56LEwufYqPdJkUNYhbNCw%257E_eNUbgU9sJGUcVVduOMKhafLvQUgE_zlz_7pvDimJNOH2PzEhAK60LI_FWtVxfVS%252CEND$IPv6, Date: None, Resolution: None, Response Time: 1175 ms
Name: CCTV-6_电影, URL: http://[2409:8087:1a01:df::4077]:80/ottrrs.hl.chinamobile.com/yinhe/88888888/224/3221226010/index.m3u8$IPv6, Date: None, Resolution: None, Response Time: 2451 ms
Name: CCTV-6_电影, URL: http://[2409:8087:1a01:df::4077]:80/ottrrs.hl.chinamobile.com/TVOD/88888888/224/3221226010/index.m3u8$IPv6, Date: None, Resolution: None, Response Time: 2539 ms
Name: CCTV-6_电影, URL: http://[2409:8087:1a01:df::4077]:80/ottrrs.hl.chinamobile.com/PLTV/88888888/224/3221226010/index.m3u8$IPv6, Date: None, Resolution: None, Response Time: 2607 ms
Name: CCTV-6_电影, URL: http://[2409:8087:1a01:df::4077]:80/ottrrs.hl.chinamobile.com/PLTV/88888888/8/3221226010/index.m3u8$IPv6, Date: None, Resolution: None, Response Time: 2970 ms
Name: CCTV-6_电影, URL: http://[2409:8087:1a01:df::4077]:80/ottrrs.hl.chinamobile.com/PLTV/88888888/224/3221226010/1.m3u8$IPv6, Date: None, Resolution: None, Response Time: 4429 ms
Name: CCTV-7_国防军事, URL: http://[2409:8087:1:20:20::2a]/otttv.bj.chinamobile.com/PLTV/88888888/224/3221226234/1.m3u8?GuardEncType=2&accountinfo=%257E%257EV2.0%257EutDC7HLJc_gC0YdIDr7oig%257E_eNUbgU9sJGUcVVduOMKhafLvQUgE_zlz_7pvDimJNPOHuulzlCcw92vP3vgYa4n%252CEND$IPv6, Date: None, Resolution: None, Response Time: 2184 ms
Name: CCTV-7_国防军事, URL: http://[2409:8087:1a01:df::4077]:80/ottrrs.hl.chinamobile.com/PLTV/88888888/8/3221225733/index.m3u8$IPv6, Date: None, Resolution: None, Response Time: 2448 ms
Name: CCTV-7_国防军事, URL: http://[2409:8087:1a01:df::4077]:80/ottrrs.hl.chinamobile.com/PLTV/88888888/224/3221225733/1.m3u8$IPv6, Date: None, Resolution: None, Response Time: 2513 ms
Name: CCTV-7_国防军事, URL: http://[2409:8087:1a01:df::4077]:80/ottrrs.hl.chinamobile.com/PLTV/88888888/224/3221225733/index.m3u8$IPv6, Date: None, Resolution: None, Response Time: 2515 ms
Name: CCTV-7_国防军事, URL: http://[2409:8087:1a01:df::4077]:80/ottrrs.hl.chinamobile.com/yinhe/88888888/224/3221225733/index.m3u8$IPv6, Date: None, Resolution: None, Response Time: 2520 ms
Name: CCTV-9_纪录, URL: http://[2409:8087:1a01:df::4077]:80/ottrrs.hl.chinamobile.com/TVOD/88888888/224/3221225734/index.m3u8$IPv6, Date: None, Resolution: None, Response Time: 3104 ms
Name: CCTV-9_纪录, URL: http://[2409:8087:1a01:df::4077]:80/ottrrs.hl.chinamobile.com/PLTV/88888888/224/3221225734/index.m3u8$IPv6, Date: None, Resolution: None, Response Time: 4064 ms
Name: CCTV-9_纪录, URL: http://[2409:8087:3869:8021:1001::e5]:6610/PLTV/88888888/224/3221225626/2/index.m3u8$IPv6, Date: None, Resolution: None, Response Time: 5153 ms
Name: CCTV-9_纪录, URL: http://[2409:8087:3869:8021:1001::e5]:6610/PLTV/88888910/224/3221225646/index.m3u8$IPv6, Date: None, Resolution: None, Response Time: 5232 ms
Name: CCTV-9_纪录, URL: http://[2409:8087:3869:8021:1001::e5]:6610/PLTV/88888888/224/3221225646/2/index.m3u8$IPv6, Date: None, Resolution: None, Response Time: 5541 ms
Name: CCTV-8_电视剧, URL: http://[2409:8087:1:20:20::29]/otttv.bj.chinamobile.com/PLTV/88888888/224/3221226451/1.m3u8?GuardEncType=2&accountinfo=%257E%257EV2.0%257EO_1NY-UghfdG_S28Bf_FPw%257E_eNUbgU9sJGUcVVduOMKhafLvQUgE_zlz_7pvDimJNO1anuaDcpMt0_BMig72trX%252CEND$IPv6, Date: None, Resolution: None, Response Time: 2031 ms
Name: CCTV-8_电视剧, URL: http://[2409:8087:1a01:df::4077]:80/ottrrs.hl.chinamobile.com/yinhe/88888888/224/3221226008/index.m3u8$IPv6, Date: None, Resolution: None, Response Time: 2631 ms
Name: CCTV-8_电视剧, URL: http://[2409:8087:1a01:df::4077]:80/ottrrs.hl.chinamobile.com/PLTV/88888888/8/3221226008/index.m3u8$IPv6, Date: None, Resolution: None, Response Time: 2682 ms
Name: CCTV-8_电视剧, URL: http://[2409:8087:1a01:df::4077]:80/ottrrs.hl.chinamobile.com/TVOD/88888888/224/3221226008/index.m3u8$IPv6, Date: None, Resolution: None, Response Time: 2718 ms
Name: CCTV-8_电视剧, URL: http://[2409:8087:1a01:df::4077]:80/ottrrs.hl.chinamobile.com/PLTV/88888888/224/3221226008/index.m3u8$IPv6, Date: None, Resolution: None, Response Time: 2757 ms
Name: CCTV-8_电视剧, URL: http://[2409:8087:1a01:df::4051]:80/TVOD/88888888/224/3221225795/main.m3u8$IPv6, Date: None, Resolution: None, Response Time: 7524 ms
Name: CCTV-10_科教, URL: http://[2409:8087:1:20:20::29]/otttv.bj.chinamobile.com/PLTV/88888888/224/3221226449/1.m3u8?GuardEncType=2&accountinfo=%257E%257EV2.0%257EzhRgoBfyoaW0eC2lnTJYAQ%257E_eNUbgU9sJGUcVVduOMKhafLvQUgE_zlz_7pvDimJNOxqyo6ss4VuHKCaIhF4e3B%252CEND$IPv6, Date: None, Resolution: None, Response Time: 834 ms
Name: CCTV-10_科教, URL: http://[2409:8087:1a01:df::4077]:80/ottrrs.hl.chinamobile.com/yinhe/88888888/224/3221225730/index.m3u8$IPv6, Date: None, Resolution: None, Response Time: 2566 ms
Name: CCTV-10_科教, URL: http://[2409:8087:1a01:df::4077]:80/ottrrs.hl.chinamobile.com/PLTV/88888888/8/3221225730/index.m3u8$IPv6, Date: None, Resolution: None, Response Time: 2636 ms
Name: CCTV-10_科教, URL: http://[2409:8087:1a01:df::4077]:80/ottrrs.hl.chinamobile.com/PLTV/88888888/224/3221225730/index.m3u8$IPv6, Date: None, Resolution: None, Response Time: 2729 ms
Name: CCTV-10_科教, URL: http://[2409:8087:1a01:df::4077]:80/ottrrs.hl.chinamobile.com/PLTV/88888888/224/3221225730/1.m3u8$IPv6, Date: None, Resolution: None, Response Time: 2748 ms
Name: CCTV-10_科教, URL: http://[2409:8087:3869:8021:1001::e5]:6610/PLTV/88888888/224/3221225627/2/index.m3u8$IPv6, Date: None, Resolution: None, Response Time: 5357 ms
Name: CCTV-11_戏曲, URL: http://[2409:8087:1:20:20::26]/otttv.bj.chinamobile.com/PLTV/88888888/224/3221226334/1.m3u8?GuardEncType=2&accountinfo=%257E%257EV2.0%257E0RcQQbNseiHvFO8XWf466A%257EtP4-l0lmSfjwLWEfK_el1vH_mv-s1zo4AQJwdedaVwG9xkuFTDg8J26cwOrNJzn20BErrHdLhuZ9EzLUCD3PMW-OMx4MGteHV2vLeW6BqoY%252CEND$IPv6, Date: None, Resolution: None, Response Time: 608 ms
Name: CCTV-11_戏曲, URL: http://[2409:8087:1:20:20::2a]/otttv.bj.chinamobile.com/PLTV/88888888/224/3221226448/1.m3u8?GuardEncType=2&accountinfo=%257E%257EV2.0%257Eqfhzy1ZrFZrYrATDOB991A%257E_eNUbgU9sJGUcVVduOMKhafLvQUgE_zlz_7pvDimJNOu522yjh6D1Z_dApuOt9eE%252CEND$IPv6, Date: None, Resolution: None, Response Time: 642 ms
Name: CCTV-11_戏曲, URL: http://[2409:8087:1a01:df::4077]:80/ottrrs.hl.chinamobile.com/PLTV/88888888/8/3221225597/index.m3u8$IPv6, Date: None, Resolution: None, Response Time: 2358 ms
Name: CCTV-11_戏曲, URL: http://[2409:8087:1a01:df::4077]:80/ottrrs.hl.chinamobile.com/PLTV/88888888/224/3221225597/index.m3u8$IPv6, Date: None, Resolution: None, Response Time: 2556 ms
Name: CCTV-11_戏曲, URL: http://[2409:8087:1a01:df::4077]:80/ottrrs.hl.chinamobile.com/yinhe/88888888/224/3221225597/index.m3u8$IPv6, Date: None, Resolution: None, Response Time: 3864 ms
Name: CCTV-13_新闻, URL: http://[2409:8087:1:20:20::29]/otttv.bj.chinamobile.com/PLTV/88888888/224/3221226316/1.m3u8?GuardEncType=2&accountinfo=%257E%257EV2.0%257EqHPe9pEEWJ00hz1ArnRZVA%257EtP4-l0lmSfjwLWEfK_el1vH_mv-s1zo4AQJwdedaVwG9xkuFTDg8J26cwOrNJzn20BErrHdLhuZ9EzLUCD3PMW-OMx4MGteHV2vLeW6BqoY%252CEND$IPv6, Date: None, Resolution: None, Response Time: 630 ms
Name: CCTV-13_新闻, URL: http://[2409:8087:1:20:20::2a]/otttv.bj.chinamobile.com/PLTV/88888888/224/3221226446/1.m3u8?GuardEncType=2&accountinfo=%257E%257EV2.0%257EU-IJJyzlYeEElWsacI4JKw%257E_eNUbgU9sJGUcVVduOMKhafLvQUgE_zlz_7pvDimJNMT7DWkynQtRPzNDJCOY_C_%252CEND$IPv6, Date: None, Resolution: None, Response Time: 645 ms
Name: CCTV-13_新闻, URL: http://[2409:8087:1a01:df::4077]:80/ottrrs.hl.chinamobile.com/PLTV/88888888/224/3221226011/index.m3u8$IPv6, Date: None, Resolution: None, Response Time: 2522 ms
Name: CCTV-13_新闻, URL: http://[2409:8087:1a01:df::4077]:80/ottrrs.hl.chinamobile.com/PLTV/88888888/8/3221226011/index.m3u8$IPv6, Date: None, Resolution: None, Response Time: 2600 ms
Name: CCTV-13_新闻, URL: http://[2409:8087:1a01:df::4077]:80/ottrrs.hl.chinamobile.com/yinhe/88888888/224/3221226011/index.m3u8$IPv6, Date: None, Resolution: None, Response Time: 2764 ms
Name: CCTV-14_少儿, URL: http://[2409:8087:1:20:20::26]/otttv.bj.chinamobile.com/PLTV/88888888/224/3221226229/1.m3u8?GuardEncType=2&accountinfo=%257E%257EV2.0%257Ey_UgKg-_uoDiTW1MNHptPg%257E_eNUbgU9sJGUcVVduOMKhafLvQUgE_zlz_7pvDimJNNLabf3bHEXv4444iiOs_Px%252CEND$IPv6, Date: None, Resolution: None, Response Time: 598 ms
Name: CCTV-14_少儿, URL: http://[2409:8087:1a01:df::4077]:80/ottrrs.hl.chinamobile.com/TVOD/88888888/224/3221225732/index.m3u8$IPv6, Date: None, Resolution: None, Response Time: 2296 ms
Name: CCTV-14_少儿, URL: http://[2409:8087:1a01:df::4077]:80/ottrrs.hl.chinamobile.com/PLTV/88888888/8/3221225732/index.m3u8$IPv6, Date: None, Resolution: None, Response Time: 2324 ms
Name: CCTV-14_少儿, URL: http://[2409:8087:1a01:df::4077]:80/ottrrs.hl.chinamobile.com/yinhe/88888888/224/3221225732/index.m3u8$IPv6, Date: None, Resolution: None, Response Time: 2361 ms
Name: CCTV-14_少儿, URL: http://[2409:8087:1a01:df::4077]:80/ottrrs.hl.chinamobile.com/PLTV/88888888/224/3221225732/index.m3u8$IPv6, Date: None, Resolution: None, Response Time: 2427 ms
Name: CCTV-12_社会与法, URL: http://[2409:8087:1:20:20::29]/otttv.bj.chinamobile.com/PLTV/88888888/224/3221226228/1.m3u8?GuardEncType=2&accountinfo=%257E%257EV2.0%257E2knJCFLHz_HqfBZXNGeA1A%257E_eNUbgU9sJGUcVVduOMKhafLvQUgE_zlz_7pvDimJNMIlZ5z7o_ym15iMooogSvj%252CEND$IPv6, Date: None, Resolution: None, Response Time: 672 ms
Name: CCTV-12_社会与法, URL: http://[2409:8087:1a01:df::4077]:80/ottrrs.hl.chinamobile.com/yinhe/88888888/224/3221225731/index.m3u8$IPv6, Date: None, Resolution: None, Response Time: 2365 ms
Name: CCTV-12_社会与法, URL: http://[2409:8087:1a01:df::4077]:80/ottrrs.hl.chinamobile.com/PLTV/88888888/8/3221225731/index.m3u8$IPv6, Date: None, Resolution: None, Response Time: 2488 ms
Name: CCTV-12_社会与法, URL: http://[2409:8087:1a01:df::4077]:80/ottrrs.hl.chinamobile.com/PLTV/88888888/224/3221225731/index.m3u8$IPv6, Date: None, Resolution: None, Response Time: 2514 ms
Name: CCTV-12_社会与法, URL: http://[2409:8087:1a01:df::4077]:80/ottrrs.hl.chinamobile.com/TVOD/88888888/224/3221225731/index.m3u8$IPv6, Date: None, Resolution: None, Response Time: 2593 ms
Name: CCTV-12_社会与法, URL: http://[2409:8087:3869:8021:1001::e5]:6610/PLTV/88888888/224/3221225637/2/index.m3u8$IPv6, Date: None, Resolution: None, Response Time: 5142 ms
Name: CCTV-16_奥林匹克, URL: http://[2409:8087:1:20:20::2a]/otttv.bj.chinamobile.com/PLTV/88888888/224/3221227002/1.m3u8?GuardEncType=2&accountinfo=%257E%257EV2.0%257EX9goLRw26BM_r54des2PAw%257E_eNUbgU9sJGUcVVduOMKhafLvQUgE_zlz_7pvDimJNPt5W7-RovMDpE-7B-0PhHw%252CEND$IPv6, Date: None, Resolution: None, Response Time: 645 ms
Name: CCTV-16_奥林匹克, URL: http://[2409:8087:1a01:df::4077]:80/ottrrs.hl.chinamobile.com/yinhe/88888888/224/3221226100/index.m3u8$IPv6, Date: None, Resolution: None, Response Time: 2278 ms
Name: CCTV-16_奥林匹克, URL: http://[2409:8087:1a01:df::4077]:80/ottrrs.hl.chinamobile.com/PLTV/88888888/224/3221226100/index.m3u8$IPv6, Date: None, Resolution: None, Response Time: 2529 ms
Name: CCTV-16_奥林匹克, URL: http://[2409:8087:1a01:df::4077]:80/ottrrs.hl.chinamobile.com/PLTV/88888888/8/3221226100/index.m3u8$IPv6, Date: None, Resolution: None, Response Time: 3063 ms
Name: 快乐垂钓, URL: http://[2409:8087:1:20:20::2c]/otttv.bj.chinamobile.com/PLTV/88888888/224/3221226549/1.m3u8?GuardEncType=2&accountinfo=~~V2.0~RHz0NOpqUZZN1Iz6lVLkkg~_eNUbgU9sJGUcVVduOMKhafLvQUgE_zlz_7pvDimJNNSiF8rKF1Pn2LepKMJ2cEG%252CEND$IPv6, Date: None, Resolution: None, Response Time: 697 ms
Name: CCTV-15_音乐, URL: http://[2409:8087:1:20:20::29]/otttv.bj.chinamobile.com/PLTV/88888888/224/3221226444/1.m3u8?GuardEncType=2&accountinfo=%257E%257EV2.0%257EFQ8BWVFffGkwLTLNv7CwFQ%257E_eNUbgU9sJGUcVVduOMKhafLvQUgE_zlz_7pvDimJNM7I2coCeiP5K0pSIMZqcUB%252CEND$IPv6, Date: None, Resolution: None, Response Time: 625 ms
Name: CCTV-15_音乐, URL: http://[2409:8087:1a01:df::4077]:80/ottrrs.hl.chinamobile.com/PLTV/88888888/8/3221225601/index.m3u8$IPv6, Date: None, Resolution: None, Response Time: 2271 ms
Name: CCTV-15_音乐, URL: http://[2409:8087:1a01:df::4077]:80/ottrrs.hl.chinamobile.com/PLTV/88888888/224/3221225601/index.m3u8$IPv6, Date: None, Resolution: None, Response Time: 2299 ms
Name: CCTV-15_音乐, URL: http://[2409:8087:1a01:df::4077]:80/ottrrs.hl.chinamobile.com/yinhe/88888888/224/3221225601/index.m3u8$IPv6, Date: None, Resolution: None, Response Time: 2440 ms
Name: CCTV-15_音乐, URL: http://[2409:8087:1a01:df::4033]:80/TVOD/88888888/224/3221226127/main.m3u8$IPv6, Date: None, Resolution: None, Response Time: 7319 ms
Name: CCTV-17_农业农村, URL: http://[2409:8087:1:20:20::29]/otttv.bj.chinamobile.com/PLTV/88888888/224/3221226442/1.m3u8?GuardEncType=2&accountinfo=%257E%257EV2.0%257EtihRNVe_x2y1Lgi_XWYeNw%257E_eNUbgU9sJGUcVVduOMKhafLvQUgE_zlz_7pvDimJNOl8OnsD1vPD0mhNmo98J3J%252CEND$IPv6, Date: None, Resolution: None, Response Time: 618 ms
Name: CCTV-17_农业农村, URL: http://[2409:8087:1a01:df::4077]:80/ottrrs.hl.chinamobile.com/PLTV/88888888/8/3221225765/index.m3u8$IPv6, Date: None, Resolution: None, Response Time: 2395 ms
Name: CCTV-17_农业农村, URL: http://[2409:8087:1a01:df::4077]:80/ottrrs.hl.chinamobile.com/PLTV/88888888/224/3221225765/1.m3u8$IPv6, Date: None, Resolution: None, Response Time: 2561 ms
Name: CCTV-17_农业农村, URL: http://[2409:8087:1a01:df::4077]:80/ottrrs.hl.chinamobile.com/PLTV/88888888/224/3221225765/index.m3u8$IPv6, Date: None, Resolution: None, Response Time: 3075 ms
Name: CCTV-17_农业农村, URL: http://[2409:8087:3869:8021:1001::e5]:6610/PLTV/88888888/224/3221225908/2/index.m3u8$IPv6, Date: None, Resolution: None, Response Time: 5131 ms
Name: CCTV-17_农业农村, URL: http://[2409:8087:1a01:df::4025]:80/TVOD/88888888/224/3221225708/main.m3u8$IPv6, Date: None, Resolution: None, Response Time: 6590 ms
Name: 精品体育, URL: http://[2409:8087:3869:8021:1001::e5]:6610/PLTV/88888888/224/3221225709/2/index.m3u8$IPv6, Date: None, Resolution: None, Response Time: 5299 ms
Name: 睛彩竞技, URL: http://[2409:8087:1a01:df::4061]:80/TVOD/88888888/224/3221225899/main.m3u8$IPv6, Date: None, Resolution: None, Response Time: 6900 ms
Name: CHC家庭影院, URL: http://[2409:8087:4c0a:22:1::11]:6410/170000001115/UmaiCHAN63807601b19dd/index.m3u8?m3u8_level=2$IPv6, Date: None, Resolution: None, Response Time: 5135 ms
Name: 睛彩篮球, URL: http://[2409:8087:1a01:df::4055]:80/TVOD/88888888/224/3221225901/main.m3u8$IPv6, Date: None, Resolution: None, Response Time: 8670 ms
Name: 超级电影, URL: http://[2409:8087:1:20:20::2c]/otttv.bj.chinamobile.com/PLTV/88888888/224/3221226233/1.m3u8?GuardEncType=2&accountinfo=%257E%257EV2.0%257EfPRR4mbRWhkCFuUCVm9THg%257E_eNUbgU9sJGUcVVduOMKhafLvQUgE_zlz_7pvDimJNM4kysjLk_woYMRnu35KtBV%252CEND$IPv6, Date: None, Resolution: None, Response Time: 724 ms
Name: CHC影迷电影, URL: http://[2409:8087:4c0a:22:1::11]:6410/170000001115/UmaiCHAN6380764b172c9/index.m3u8?m3u8_level=2$IPv6, Date: None, Resolution: None, Response Time: 5125 ms
Name: 茶频道, URL: http://[2409:8087:1:20:20::26]/otttv.bj.chinamobile.com/PLTV/88888888/224/3221226548/1.m3u8?GuardEncType=2&accountinfo=%257E%257EV2.0%257Ec1XXmbKOEhI6pFYCxtVG9A%257E_eNUbgU9sJGUcVVduOMKhafLvQUgE_zlz_7pvDimJNOD3hCDGl7mDB_HDsnRfhB2%252CEND$IPv6, Date: None, Resolution: None, Response Time: 803 ms
Name: 黑莓电影, URL: http://[2409:8087:1a01:df::4077]:80/ottrrs.hl.chinamobile.com/PLTV/88888888/224/3221225666/index.m3u8$IPv6, Date: None, Resolution: None, Response Time: 2572 ms
Name: 黑莓电影, URL: http://[2409:8087:3869:8021:1001::e5]:6610/PLTV/88888888/224/3221225769/2/index.m3u8$IPv6, Date: None, Resolution: None, Response Time: 5125 ms
Name: 黑莓电影, URL: http://[2409:8087:3869:8021:1001::e5]:6610/PLTV/88888888/224/3221225764/2/index.m3u8$IPv6, Date: None, Resolution: None, Response Time: 5127 ms
Name: CCTV1, URL: http://[2409:8087:1:20:20::2c]/otttv.bj.chinamobile.com/PLTV/88888888/224/3221226895/1.m3u8?GuardEncType=2&accountinfo=%257E%257EV2.0%257EI0Rkc6neBYgfpoJ1yud8Fw%257E_eNUbgU9sJGUcVVduOMKhafLvQUgE_zlz_7pvDimJNPpqgHe3PQ5GNQoO-yUgA8C%252CEND$IPv6, Date: None, Resolution: None, Response Time: 612 ms
Name: CCTV1, URL: http://[2409:8087:1a01:df::4077]:80/ottrrs.hl.chinamobile.com/PLTV/88888888/224/3221226016/1.m3u8$IPv6, Date: None, Resolution: None, Response Time: 2326 ms
Name: CCTV1, URL: http://[2409:8087:1a01:df::4077]:80/ottrrs.hl.chinamobile.com/yinhe/88888888/224/3221226016/index.m3u8$IPv6, Date: None, Resolution: None, Response Time: 2451 ms
Name: CCTV1, URL: http://[2409:8087:1a01:df::4077]:80/ottrrs.hl.chinamobile.com/PLTV/88888888/8/3221226016/index.m3u8$IPv6, Date: None, Resolution: None, Response Time: 3073 ms
Name: CCTV1, URL: http://[2409:8087:1a01:df::4077]:80/ottrrs.hl.chinamobile.com/PLTV/88888888/224/3221226016/index.m3u8$IPv6, Date: None, Resolution: None, Response Time: 3459 ms
Name: CCTV1, URL: http://[2409:8087:3869:8021:1001::e5]:6610/PLTV/88888888/224/3221225642/2/index.m3u8$IPv6, Date: None, Resolution: None, Response Time: 5128 ms
Name: CHC动作电影, URL: http://[2409:8087:4c0a:22:1::11]:6410/170000001115/UmaiCHAN6380763222d00/index.m3u8?m3u8_level=2$IPv6, Date: None, Resolution: None, Response Time: 5316 ms
Name: CCTV2, URL: http://[2409:8087:1a01:df::4077]:80/ottrrs.hl.chinamobile.com/PLTV/88888888/8/3221225588/index.m3u8$IPv6, Date: None, Resolution: None, Response Time: 2340 ms
Name: CCTV2, URL: http://[2409:8087:1a01:df::4077]:80/ottrrs.hl.chinamobile.com/yinhe/88888888/8/3221225588/index.m3u8$IPv6, Date: None, Resolution: None, Response Time: 2503 ms
Name: CCTV2, URL: http://[2409:8087:3869:8021:1001::e5]:6610/PLTV/88888888/224/3221225643/2/index.m3u8$IPv6, Date: None, Resolution: None, Response Time: 5129 ms
Name: CCTV2, URL: http://[2409:8087:1a01:df::406f]:80/wh7f454c46tw1241164675_1575082505/ottrrs.hl.chinamobile.com/PLTV/88888888/224/3221226540/index.m3u8?icpid=88888888&RTS=1713968070&from=4&hms_devid=692&prioritypopid=4&online=1713968070&vqe=3$IPv6, Date: None, Resolution: None, Response Time: 6668 ms
Name: CCTV4, URL: http://[2409:8087:1:20:20::29]/otttv.bj.chinamobile.com/PLTV/88888888/224/3221226470/1.m3u8?GuardEncType=2&accountinfo=%257E%257EV2.0%257E0wP1dRMt9qCzHdvA65wh1w%257E_eNUbgU9sJGUcVVduOMKhafLvQUgE_zlz_7pvDimJNMcuN2HH7RLPyPHWOUWhSMk%252CEND$IPv6, Date: None, Resolution: None, Response Time: 591 ms
Name: CCTV4, URL: http://[2409:8087:1a01:df::4077]:80/ottrrs.hl.chinamobile.com/yinhe/88888888/8/3221226007/index.m3u8$IPv6, Date: None, Resolution: None, Response Time: 2278 ms
Name: CCTV4, URL: http://[2409:8087:1a01:df::4077]:80/ottrrs.hl.chinamobile.com/PLTV/88888888/8/3221226007/index.m3u8$IPv6, Date: None, Resolution: None, Response Time: 2538 ms
Name: CCTV4欧洲, URL: http://[2409:8087:1:20:20::29]/otttv.bj.chinamobile.com/PLTV/88888888/224/3221226470/1.m3u8?GuardEncType=2&accountinfo=%257E%257EV2.0%257E0wP1dRMt9qCzHdvA65wh1w%257E_eNUbgU9sJGUcVVduOMKhafLvQUgE_zlz_7pvDimJNMcuN2HH7RLPyPHWOUWhSMk%252CEND$IPv6, Date: None, Resolution: None, Response Time: 601 ms
Name: CCTV4欧洲, URL: http://[2409:8087:1a01:df::4077]:80/ottrrs.hl.chinamobile.com/yinhe/88888888/8/3221226007/index.m3u8$IPv6, Date: None, Resolution: None, Response Time: 2358 ms
Name: CCTV4欧洲, URL: http://[2409:8087:1a01:df::4077]:80/ottrrs.hl.chinamobile.com/PLTV/88888888/8/3221226007/index.m3u8$IPv6, Date: None, Resolution: None, Response Time: 2618 ms
Name: CCTV3, URL: http://[2409:8087:1:20:20::29]/otttv.bj.chinamobile.com/PLTV/88888888/224/3221226456/1.m3u8?GuardEncType=2&accountinfo=%257E%257EV2.0%257E_6GNVcVOz9Xub8CclyMRUg%257E_eNUbgU9sJGUcVVduOMKhafLvQUgE_zlz_7pvDimJNOIR_8g_qYRqpV5wTQqRILi%252CEND$IPv6, Date: None, Resolution: None, Response Time: 597 ms
Name: CCTV3, URL: http://[2409:8087:1a01:df::4077]:80/ottrrs.hl.chinamobile.com/yinhe/88888888/224/3221226021/index.m3u8$IPv6, Date: None, Resolution: None, Response Time: 2313 ms
Name: CCTV3, URL: http://[2409:8087:1a01:df::4077]:80/ottrrs.hl.chinamobile.com/PLTV/88888888/224/3221226021/index.m3u8$IPv6, Date: None, Resolution: None, Response Time: 2475 ms
Name: CCTV3, URL: http://[2409:8087:1a01:df::4077]:80/ottrrs.hl.chinamobile.com/PLTV/88888888/8/3221226021/index.m3u8$IPv6, Date: None, Resolution: None, Response Time: 2573 ms
Name: CCTV3, URL: http://[2409:8087:1a01:df::4041]:80/TVOD/88888888/224/3221225799/main.m3u8$IPv6, Date: None, Resolution: None, Response Time: 6997 ms
Name: CCTV5, URL: http://[2409:8087:1:20:20::2c]/otttv.bj.chinamobile.com/PLTV/88888888/224/3221226454/1.m3u8?GuardEncType=2&accountinfo=%257E%257EV2.0%257ErKwB8Qqtvssoy-K7GEgesQ%257E_eNUbgU9sJGUcVVduOMKhafLvQUgE_zlz_7pvDimJNOIR_8g_qYRqpV5wTQqRILi%252CEND$IPv6, Date: None, Resolution: None, Response Time: 1305 ms
Name: CCTV5, URL: http://[2409:8087:1a01:df::4077]:80/ottrrs.hl.chinamobile.com/yinhe/88888888/224/3221226019/index.m3u8$IPv6, Date: None, Resolution: None, Response Time: 2430 ms
Name: CCTV5, URL: http://[2409:8087:1a01:df::4077]:80/ottrrs.hl.chinamobile.com/PLTV/88888888/8/3221226019/index.m3u8$IPv6, Date: None, Resolution: None, Response Time: 2492 ms
Name: CCTV5, URL: http://[2409:8087:1a01:df::4077]:80/ottrrs.hl.chinamobile.com/PLTV/88888888/224/3221226019/index.m3u8$IPv6, Date: None, Resolution: None, Response Time: 2516 ms
Name: CCTV5, URL: http://[2409:8087:1a01:df::4077]:80/ottrrs.hl.chinamobile.com/TVOD/88888888/224/3221226019/index.m3u8$IPv6, Date: None, Resolution: None, Response Time: 4213 ms
Name: CCTV5, URL: http://[2409:8087:3869:8021:1001::e5]:6610/PLTV/88888910/224/3221225633/index.m3u8$IPv6, Date: None, Resolution: None, Response Time: 5125 ms
Name: CCTV5+, URL: http://[2409:8087:1a01:df::4077]:80/ottrrs.hl.chinamobile.com/PLTV/88888888/224/3221225603/index.m3u8$IPv6, Date: None, Resolution: None, Response Time: 2254 ms
Name: CCTV5+, URL: http://[2409:8087:1:20:20::2c]/otttv.bj.chinamobile.com/PLTV/88888888/224/3221226458/1.m3u8?GuardEncType=2&accountinfo=%257E%257EV2.0%257Em70vyfVI_MkrcLYjHWnqOA%257E_eNUbgU9sJGUcVVduOMKhafLvQUgE_zlz_7pvDimJNNlS0O1LA8iGydXPYujpRue%252CEND$IPv6, Date: None, Resolution: None, Response Time: 2263 ms
Name: CCTV5+, URL: http://[2409:8087:1a01:df::4077]:80/ottrrs.hl.chinamobile.com/yinhe/88888888/224/3221225603/index.m3u8$IPv6, Date: None, Resolution: None, Response Time: 2451 ms
Name: CCTV5+, URL: http://[2409:8087:1a01:df::4077]:80/ottrrs.hl.chinamobile.com/PLTV/88888888/8/3221225603/index.m3u8$IPv6, Date: None, Resolution: None, Response Time: 2485 ms
Name: CCTV5+, URL: http://[2409:8087:3869:8021:1001::e5]:6610/PLTV/88888888/224/3221225649/2/index.m3u8$IPv6, Date: None, Resolution: None, Response Time: 5122 ms
Name: CCTV6, URL: http://[2409:8087:1:20:20::29]/otttv.bj.chinamobile.com/PLTV/88888888/224/3221226453/1.m3u8?GuardEncType=2&accountinfo=%257E%257EV2.0%257Ex56LEwufYqPdJkUNYhbNCw%257E_eNUbgU9sJGUcVVduOMKhafLvQUgE_zlz_7pvDimJNOH2PzEhAK60LI_FWtVxfVS%252CEND$IPv6, Date: None, Resolution: None, Response Time: 1203 ms
Name: CCTV6, URL: http://[2409:8087:1a01:df::4077]:80/ottrrs.hl.chinamobile.com/PLTV/88888888/224/3221226010/1.m3u8$IPv6, Date: None, Resolution: None, Response Time: 2329 ms
Name: CCTV6, URL: http://[2409:8087:1a01:df::4077]:80/ottrrs.hl.chinamobile.com/PLTV/88888888/224/3221226010/index.m3u8$IPv6, Date: None, Resolution: None, Response Time: 2545 ms
Name: CCTV6, URL: http://[2409:8087:1a01:df::4077]:80/ottrrs.hl.chinamobile.com/PLTV/88888888/8/3221226010/index.m3u8$IPv6, Date: None, Resolution: None, Response Time: 2910 ms
Name: CCTV6, URL: http://[2409:8087:1a01:df::4077]:80/ottrrs.hl.chinamobile.com/TVOD/88888888/224/3221226010/index.m3u8$IPv6, Date: None, Resolution: None, Response Time: 3036 ms
Name: CCTV6, URL: http://[2409:8087:1a01:df::4077]:80/ottrrs.hl.chinamobile.com/yinhe/88888888/224/3221226010/index.m3u8$IPv6, Date: None, Resolution: None, Response Time: 3961 ms
Name: CCTV7, URL: http://[2409:8087:1:20:20::2a]/otttv.bj.chinamobile.com/PLTV/88888888/224/3221226234/1.m3u8?GuardEncType=2&accountinfo=%257E%257EV2.0%257EutDC7HLJc_gC0YdIDr7oig%257E_eNUbgU9sJGUcVVduOMKhafLvQUgE_zlz_7pvDimJNPOHuulzlCcw92vP3vgYa4n%252CEND$IPv6, Date: None, Resolution: None, Response Time: 2027 ms
Name: CCTV7, URL: http://[2409:8087:1a01:df::4077]:80/ottrrs.hl.chinamobile.com/PLTV/88888888/8/3221225733/index.m3u8$IPv6, Date: None, Resolution: None, Response Time: 2415 ms
Name: CCTV7, URL: http://[2409:8087:1a01:df::4077]:80/ottrrs.hl.chinamobile.com/PLTV/88888888/224/3221225733/1.m3u8$IPv6, Date: None, Resolution: None, Response Time: 2490 ms
Name: CCTV7, URL: http://[2409:8087:1a01:df::4077]:80/ottrrs.hl.chinamobile.com/PLTV/88888888/224/3221225733/index.m3u8$IPv6, Date: None, Resolution: None, Response Time: 2544 ms
Name: CCTV7, URL: http://[2409:8087:1a01:df::4077]:80/ottrrs.hl.chinamobile.com/yinhe/88888888/224/3221225733/index.m3u8$IPv6, Date: None, Resolution: None, Response Time: 2582 ms
Name: CCTV9, URL: http://[2409:8087:1a01:df::4077]:80/ottrrs.hl.chinamobile.com/TVOD/88888888/224/3221225734/index.m3u8$IPv6, Date: None, Resolution: None, Response Time: 2641 ms
Name: CCTV9, URL: http://[2409:8087:1a01:df::4077]:80/ottrrs.hl.chinamobile.com/PLTV/88888888/224/3221225734/index.m3u8$IPv6, Date: None, Resolution: None, Response Time: 2867 ms
Name: CCTV9, URL: http://[2409:8087:3869:8021:1001::e5]:6610/PLTV/88888910/224/3221225646/index.m3u8$IPv6, Date: None, Resolution: None, Response Time: 5121 ms
Name: CCTV9, URL: http://[2409:8087:3869:8021:1001::e5]:6610/PLTV/88888888/224/3221225646/2/index.m3u8$IPv6, Date: None, Resolution: None, Response Time: 5123 ms
Name: CCTV9, URL: http://[2409:8087:3869:8021:1001::e5]:6610/PLTV/88888888/224/3221225626/2/index.m3u8$IPv6, Date: None, Resolution: None, Response Time: 5730 ms
Name: CCTV8, URL: http://[2409:8087:1:20:20::29]/otttv.bj.chinamobile.com/PLTV/88888888/224/3221226451/1.m3u8?GuardEncType=2&accountinfo=%257E%257EV2.0%257EO_1NY-UghfdG_S28Bf_FPw%257E_eNUbgU9sJGUcVVduOMKhafLvQUgE_zlz_7pvDimJNO1anuaDcpMt0_BMig72trX%252CEND$IPv6, Date: None, Resolution: None, Response Time: 1864 ms
Name: CCTV8, URL: http://[2409:8087:1a01:df::4077]:80/ottrrs.hl.chinamobile.com/TVOD/88888888/224/3221226008/index.m3u8$IPv6, Date: None, Resolution: None, Response Time: 2423 ms
Name: CCTV8, URL: http://[2409:8087:1a01:df::4077]:80/ottrrs.hl.chinamobile.com/PLTV/88888888/8/3221226008/index.m3u8$IPv6, Date: None, Resolution: None, Response Time: 2451 ms
Name: CCTV8, URL: http://[2409:8087:1a01:df::4077]:80/ottrrs.hl.chinamobile.com/PLTV/88888888/224/3221226008/index.m3u8$IPv6, Date: None, Resolution: None, Response Time: 2517 ms
Name: CCTV8, URL: http://[2409:8087:1a01:df::4077]:80/ottrrs.hl.chinamobile.com/yinhe/88888888/224/3221226008/index.m3u8$IPv6, Date: None, Resolution: None, Response Time: 2701 ms
Name: CCTV8, URL: http://[2409:8087:1a01:df::4051]:80/TVOD/88888888/224/3221225795/main.m3u8$IPv6, Date: None, Resolution: None, Response Time: 7235 ms
Name: CCTV10, URL: http://[2409:8087:1:20:20::29]/otttv.bj.chinamobile.com/PLTV/88888888/224/3221226449/1.m3u8?GuardEncType=2&accountinfo=%257E%257EV2.0%257EzhRgoBfyoaW0eC2lnTJYAQ%257E_eNUbgU9sJGUcVVduOMKhafLvQUgE_zlz_7pvDimJNOxqyo6ss4VuHKCaIhF4e3B%252CEND$IPv6, Date: None, Resolution: None, Response Time: 673 ms
Name: CCTV10, URL: http://[2409:8087:1a01:df::4077]:80/ottrrs.hl.chinamobile.com/PLTV/88888888/8/3221225730/index.m3u8$IPv6, Date: None, Resolution: None, Response Time: 2332 ms
Name: CCTV10, URL: http://[2409:8087:1a01:df::4077]:80/ottrrs.hl.chinamobile.com/PLTV/88888888/224/3221225730/index.m3u8$IPv6, Date: None, Resolution: None, Response Time: 2359 ms
Name: CCTV10, URL: http://[2409:8087:1a01:df::4077]:80/ottrrs.hl.chinamobile.com/yinhe/88888888/224/3221225730/index.m3u8$IPv6, Date: None, Resolution: None, Response Time: 2581 ms
Name: CCTV10, URL: http://[2409:8087:1a01:df::4077]:80/ottrrs.hl.chinamobile.com/PLTV/88888888/224/3221225730/1.m3u8$IPv6, Date: None, Resolution: None, Response Time: 2649 ms
Name: CCTV10, URL: http://[2409:8087:3869:8021:1001::e5]:6610/PLTV/88888888/224/3221225627/2/index.m3u8$IPv6, Date: None, Resolution: None, Response Time: 5137 ms
Name: CCTV11, URL: http://[2409:8087:1:20:20::2a]/otttv.bj.chinamobile.com/PLTV/88888888/224/3221226448/1.m3u8?GuardEncType=2&accountinfo=%257E%257EV2.0%257Eqfhzy1ZrFZrYrATDOB991A%257E_eNUbgU9sJGUcVVduOMKhafLvQUgE_zlz_7pvDimJNOu522yjh6D1Z_dApuOt9eE%252CEND$IPv6, Date: None, Resolution: None, Response Time: 680 ms
Name: CCTV11, URL: http://[2409:8087:1:20:20::26]/otttv.bj.chinamobile.com/PLTV/88888888/224/3221226334/1.m3u8?GuardEncType=2&accountinfo=%257E%257EV2.0%257E0RcQQbNseiHvFO8XWf466A%257EtP4-l0lmSfjwLWEfK_el1vH_mv-s1zo4AQJwdedaVwG9xkuFTDg8J26cwOrNJzn20BErrHdLhuZ9EzLUCD3PMW-OMx4MGteHV2vLeW6BqoY%252CEND$IPv6, Date: None, Resolution: None, Response Time: 1685 ms
Name: CCTV11, URL: http://[2409:8087:1a01:df::4077]:80/ottrrs.hl.chinamobile.com/yinhe/88888888/224/3221225597/index.m3u8$IPv6, Date: None, Resolution: None, Response Time: 2395 ms
Name: CCTV11, URL: http://[2409:8087:1a01:df::4077]:80/ottrrs.hl.chinamobile.com/PLTV/88888888/8/3221225597/index.m3u8$IPv6, Date: None, Resolution: None, Response Time: 2438 ms
Name: CCTV11, URL: http://[2409:8087:1a01:df::4077]:80/ottrrs.hl.chinamobile.com/PLTV/88888888/224/3221225597/index.m3u8$IPv6, Date: None, Resolution: None, Response Time: 2617 ms
Name: CCTV13, URL: http://[2409:8087:1:20:20::29]/otttv.bj.chinamobile.com/PLTV/88888888/224/3221226316/1.m3u8?GuardEncType=2&accountinfo=%257E%257EV2.0%257EqHPe9pEEWJ00hz1ArnRZVA%257EtP4-l0lmSfjwLWEfK_el1vH_mv-s1zo4AQJwdedaVwG9xkuFTDg8J26cwOrNJzn20BErrHdLhuZ9EzLUCD3PMW-OMx4MGteHV2vLeW6BqoY%252CEND$IPv6, Date: None, Resolution: None, Response Time: 662 ms
Name: CCTV13, URL: http://[2409:8087:1:20:20::2a]/otttv.bj.chinamobile.com/PLTV/88888888/224/3221226446/1.m3u8?GuardEncType=2&accountinfo=%257E%257EV2.0%257EU-IJJyzlYeEElWsacI4JKw%257E_eNUbgU9sJGUcVVduOMKhafLvQUgE_zlz_7pvDimJNMT7DWkynQtRPzNDJCOY_C_%252CEND$IPv6, Date: None, Resolution: None, Response Time: 662 ms
Name: CCTV13, URL: http://[2409:8087:1a01:df::4077]:80/ottrrs.hl.chinamobile.com/PLTV/88888888/8/3221226011/index.m3u8$IPv6, Date: None, Resolution: None, Response Time: 2370 ms
Name: CCTV13, URL: http://[2409:8087:1a01:df::4077]:80/ottrrs.hl.chinamobile.com/yinhe/88888888/224/3221226011/index.m3u8$IPv6, Date: None, Resolution: None, Response Time: 2442 ms
Name: CCTV13, URL: http://[2409:8087:1a01:df::4077]:80/ottrrs.hl.chinamobile.com/PLTV/88888888/224/3221226011/index.m3u8$IPv6, Date: None, Resolution: None, Response Time: 2577 ms
Name: CCTV14, URL: http://[2409:8087:1:20:20::26]/otttv.bj.chinamobile.com/PLTV/88888888/224/3221226229/1.m3u8?GuardEncType=2&accountinfo=%257E%257EV2.0%257Ey_UgKg-_uoDiTW1MNHptPg%257E_eNUbgU9sJGUcVVduOMKhafLvQUgE_zlz_7pvDimJNNLabf3bHEXv4444iiOs_Px%252CEND$IPv6, Date: None, Resolution: None, Response Time: 685 ms
Name: CCTV14, URL: http://[2409:8087:1a01:df::4077]:80/ottrrs.hl.chinamobile.com/yinhe/88888888/224/3221225732/index.m3u8$IPv6, Date: None, Resolution: None, Response Time: 2490 ms
Name: CCTV14, URL: http://[2409:8087:1a01:df::4077]:80/ottrrs.hl.chinamobile.com/PLTV/88888888/8/3221225732/index.m3u8$IPv6, Date: None, Resolution: None, Response Time: 2536 ms
Name: CCTV14, URL: http://[2409:8087:1a01:df::4077]:80/ottrrs.hl.chinamobile.com/TVOD/88888888/224/3221225732/index.m3u8$IPv6, Date: None, Resolution: None, Response Time: 2597 ms
Name: CCTV14, URL: http://[2409:8087:1a01:df::4077]:80/ottrrs.hl.chinamobile.com/PLTV/88888888/224/3221225732/index.m3u8$IPv6, Date: None, Resolution: None, Response Time: 2637 ms
Name: CCTV12, URL: http://[2409:8087:1:20:20::29]/otttv.bj.chinamobile.com/PLTV/88888888/224/3221226228/1.m3u8?GuardEncType=2&accountinfo=%257E%257EV2.0%257E2knJCFLHz_HqfBZXNGeA1A%257E_eNUbgU9sJGUcVVduOMKhafLvQUgE_zlz_7pvDimJNMIlZ5z7o_ym15iMooogSvj%252CEND$IPv6, Date: None, Resolution: None, Response Time: 659 ms
Name: CCTV12, URL: http://[2409:8087:1a01:df::4077]:80/ottrrs.hl.chinamobile.com/yinhe/88888888/224/3221225731/index.m3u8$IPv6, Date: None, Resolution: None, Response Time: 2285 ms
Name: CCTV12, URL: http://[2409:8087:1a01:df::4077]:80/ottrrs.hl.chinamobile.com/PLTV/88888888/224/3221225731/index.m3u8$IPv6, Date: None, Resolution: None, Response Time: 2575 ms
Name: CCTV12, URL: http://[2409:8087:1a01:df::4077]:80/ottrrs.hl.chinamobile.com/PLTV/88888888/8/3221225731/index.m3u8$IPv6, Date: None, Resolution: None, Response Time: 2609 ms
Name: CCTV12, URL: http://[2409:8087:1a01:df::4077]:80/ottrrs.hl.chinamobile.com/TVOD/88888888/224/3221225731/index.m3u8$IPv6, Date: None, Resolution: None, Response Time: 2647 ms
Name: CCTV12, URL: http://[2409:8087:3869:8021:1001::e5]:6610/PLTV/88888888/224/3221225637/2/index.m3u8$IPv6, Date: None, Resolution: None, Response Time: 5129 ms
Name: CCTV15, URL: http://[2409:8087:1:20:20::29]/otttv.bj.chinamobile.com/PLTV/88888888/224/3221226444/1.m3u8?GuardEncType=2&accountinfo=%257E%257EV2.0%257EFQ8BWVFffGkwLTLNv7CwFQ%257E_eNUbgU9sJGUcVVduOMKhafLvQUgE_zlz_7pvDimJNM7I2coCeiP5K0pSIMZqcUB%252CEND$IPv6, Date: None, Resolution: None, Response Time: 810 ms
Name: CCTV15, URL: http://[2409:8087:1a01:df::4077]:80/ottrrs.hl.chinamobile.com/yinhe/88888888/224/3221225601/index.m3u8$IPv6, Date: None, Resolution: None, Response Time: 2680 ms
Name: CCTV15, URL: http://[2409:8087:1a01:df::4077]:80/ottrrs.hl.chinamobile.com/PLTV/88888888/224/3221225601/index.m3u8$IPv6, Date: None, Resolution: None, Response Time: 2706 ms
Name: CCTV15, URL: http://[2409:8087:1a01:df::4077]:80/ottrrs.hl.chinamobile.com/PLTV/88888888/8/3221225601/index.m3u8$IPv6, Date: None, Resolution: None, Response Time: 2801 ms
Name: CCTV15, URL: http://[2409:8087:1a01:df::4033]:80/TVOD/88888888/224/3221226127/main.m3u8$IPv6, Date: None, Resolution: None, Response Time: 7633 ms
Name: CCTV17, URL: http://[2409:8087:1:20:20::29]/otttv.bj.chinamobile.com/PLTV/88888888/224/3221226442/1.m3u8?GuardEncType=2&accountinfo=%257E%257EV2.0%257EtihRNVe_x2y1Lgi_XWYeNw%257E_eNUbgU9sJGUcVVduOMKhafLvQUgE_zlz_7pvDimJNOl8OnsD1vPD0mhNmo98J3J%252CEND$IPv6, Date: None, Resolution: None, Response Time: 643 ms
Name: CCTV17, URL: http://[2409:8087:1a01:df::4077]:80/ottrrs.hl.chinamobile.com/PLTV/88888888/8/3221225765/index.m3u8$IPv6, Date: None, Resolution: None, Response Time: 2438 ms
Name: CCTV17, URL: http://[2409:8087:1a01:df::4077]:80/ottrrs.hl.chinamobile.com/PLTV/88888888/224/3221225765/1.m3u8$IPv6, Date: None, Resolution: None, Response Time: 2522 ms
Name: CCTV17, URL: http://[2409:8087:1a01:df::4077]:80/ottrrs.hl.chinamobile.com/PLTV/88888888/224/3221225765/index.m3u8$IPv6, Date: None, Resolution: None, Response Time: 2596 ms
Name: CCTV17, URL: http://[2409:8087:3869:8021:1001::e5]:6610/PLTV/88888888/224/3221225908/2/index.m3u8$IPv6, Date: None, Resolution: None, Response Time: 5132 ms
Name: CCTV17, URL: http://[2409:8087:1a01:df::4025]:80/TVOD/88888888/224/3221225708/main.m3u8$IPv6, Date: None, Resolution: None, Response Time: 7227 ms
Name: 精品体育, URL: http://[2409:8087:3869:8021:1001::e5]:6610/PLTV/88888888/224/3221225709/2/index.m3u8$IPv6, Date: None, Resolution: None, Response Time: 5130 ms
Name: CCTV16, URL: http://[2409:8087:1:20:20::2a]/otttv.bj.chinamobile.com/PLTV/88888888/224/3221227002/1.m3u8?GuardEncType=2&accountinfo=%257E%257EV2.0%257EX9goLRw26BM_r54des2PAw%257E_eNUbgU9sJGUcVVduOMKhafLvQUgE_zlz_7pvDimJNPt5W7-RovMDpE-7B-0PhHw%252CEND$IPv6, Date: None, Resolution: None, Response Time: 633 ms
Name: CCTV16, URL: http://[2409:8087:1a01:df::4077]:80/ottrrs.hl.chinamobile.com/yinhe/88888888/224/3221226100/index.m3u8$IPv6, Date: None, Resolution: None, Response Time: 2342 ms
Name: CCTV16, URL: http://[2409:8087:1a01:df::4077]:80/ottrrs.hl.chinamobile.com/PLTV/88888888/8/3221226100/index.m3u8$IPv6, Date: None, Resolution: None, Response Time: 2470 ms
Name: CCTV16, URL: http://[2409:8087:1a01:df::4077]:80/ottrrs.hl.chinamobile.com/PLTV/88888888/224/3221226100/index.m3u8$IPv6, Date: None, Resolution: None, Response Time: 14227 ms
Name: 睛彩竞技, URL: http://[2409:8087:1a01:df::4061]:80/TVOD/88888888/224/3221225899/main.m3u8$IPv6, Date: None, Resolution: None, Response Time: 7783 ms
Name: 超级体育, URL: http://[2409:8087:1:20:20::26]/otttv.bj.chinamobile.com/PLTV/88888888/224/3221226232/1.m3u8?GuardEncType=2&accountinfo=%257E%257EV2.0%257Eg-EQHTrpbCOxNSgnFRbr4w%257E_eNUbgU9sJGUcVVduOMKhafLvQUgE_zlz_7pvDimJNMNhcQPODGVtsSVKlB7CbAh%252CEND$IPv6, Date: None, Resolution: None, Response Time: 705 ms
Name: 超级体育, URL: http://[2409:8087:3869:8021:1001::e5]:6610/PLTV/88888888/224/3221225622/2/index.m3u8$IPv6, Date: None, Resolution: None, Response Time: 5225 ms
Name: 睛彩篮球, URL: http://[2409:8087:1a01:df::4055]:80/TVOD/88888888/224/3221225901/main.m3u8$IPv6, Date: None, Resolution: None, Response Time: 9127 ms
Name: CHC家庭影院, URL: http://[2409:8087:4c0a:22:1::11]:6410/170000001115/UmaiCHAN63807601b19dd/index.m3u8?m3u8_level=2$IPv6, Date: None, Resolution: None, Response Time: 5283 ms
Name: 黑莓电影, URL: http://[2409:8087:1a01:df::4077]:80/ottrrs.hl.chinamobile.com/PLTV/88888888/224/3221225666/index.m3u8$IPv6, Date: None, Resolution: None, Response Time: 4015 ms
Name: 黑莓电影, URL: http://[2409:8087:3869:8021:1001::e5]:6610/PLTV/88888888/224/3221225769/2/index.m3u8$IPv6, Date: None, Resolution: None, Response Time: 5124 ms
Name: 黑莓电影, URL: http://[2409:8087:3869:8021:1001::e5]:6610/PLTV/88888888/224/3221225764/2/index.m3u8$IPv6, Date: None, Resolution: None, Response Time: 5128 ms
Name: CHC动作电影, URL: http://[2409:8087:4c0a:22:1::11]:6410/170000001115/UmaiCHAN6380763222d00/index.m3u8?m3u8_level=2$IPv6, Date: None, Resolution: None, Response Time: 5127 ms
